<?xml version="1.0" encoding="UTF-8"?>
<testsuite xmlns:xsi="http://www.w3.org/2001/XMLSchema-instance" xsi:schemaLocation="https://maven.apache.org/surefire/maven-surefire-plugin/xsd/surefire-test-report.xsd" name="TestSuite" time="12.276" tests="3" errors="0" skipped="0" failures="0">
  <properties>
[...]
</properties>
  <testcase name="firstTestCases" classname="PositiveScenarioTest" time="7.318"/>
  <testcase name="secondTestCases" classname="PositiveScenarioTest" time="1.07"/>
  <testcase name="thirdTestCases" classname="PositiveScenarioTest" time="0.814"/>
</testsuite>