<?xml version="1.0" encoding="UTF-8"?>
<testng-results total="3" passed="3" failed="0" skipped="0">
  <reporter-output>
  </reporter-output>
  <suite started-at="2023-01-29T08:08:09Z" name="All Test Suite" finished-at="2023-01-29T08:08:20Z" duration-ms="11256">
    <groups>
    </groups>
    <test started-at="2023-01-29T08:08:09Z" name="D:/CI-CD" finished-at="2023-01-29T08:08:20Z" duration-ms="11256">
      <class name="PositiveScenarioTest">
        <test-method is-config="true" signature="lunchBrowser()[pri:0, instance:PositiveScenarioTest@17f7cd29]" started-at="2023-01-29T13:38:09Z" name="lunchBrowser" finished-at="2023-01-29T13:38:11Z" duration-ms="1975" status="PASS">
          <reporter-output>
          </reporter-output>
        </test-method> <!-- lunchBrowser -->
        <test-method signature="firstTestCases()[pri:0, instance:PositiveScenarioTest@17f7cd29]" started-at="2023-01-29T13:38:11Z" name="firstTestCases" finished-at="2023-01-29T13:38:19Z" duration-ms="7317" status="PASS">
          <reporter-output>
          </reporter-output>
        </test-method> <!-- firstTestCases -->
        <test-method signature="secondTestCases()[pri:0, instance:PositiveScenarioTest@17f7cd29]" started-at="2023-01-29T13:38:19Z" name="secondTestCases" finished-at="2023-01-29T13:38:20Z" duration-ms="1070" status="PASS">
          <reporter-output>
          </reporter-output>
        </test-method> <!-- secondTestCases -->
        <test-method signature="thirdTestCases()[pri:0, instance:PositiveScenarioTest@17f7cd29]" started-at="2023-01-29T13:38:20Z" name="thirdTestCases" finished-at="2023-01-29T13:38:20Z" duration-ms="813" status="PASS">
          <reporter-output>
          </reporter-output>
        </test-method> <!-- thirdTestCases -->
        <test-method is-config="true" signature="closeBrowser()[pri:0, instance:PositiveScenarioTest@17f7cd29]" started-at="2023-01-29T13:38:21Z" name="closeBrowser" finished-at="2023-01-29T13:38:21Z" duration-ms="72" status="PASS">
          <reporter-output>
          </reporter-output>
        </test-method> <!-- closeBrowser -->
      </class> <!-- PositiveScenarioTest -->
    </test> <!-- D:/CI-CD -->
  </suite> <!-- All Test Suite -->
</testng-results>
